Arguments: 
  /home/frank/.nvm/versions/node/v12.16.2/bin/node /home/frank/.nvm/versions/node/v12.16.2/bin/yarn init

PATH: 
  /home/frank/.yarn/bin:/home/frank/.config/yarn/global/node_modules/.bin:/home/frank/.nvm/versions/node/v12.16.2/bin:/usr/local/sbin:/usr/local/bin:/usr/sbin:/usr/bin:/sbin:/bin:/usr/games:/usr/local/games:/snap/bin:/home/frank/.antigen/bundles/robbyrussell/oh-my-zsh/lib:/home/frank/.antigen/bundles/robbyrussell/oh-my-zsh/plugins/git:/home/frank/.antigen/bundles/robbyrussell/oh-my-zsh/plugins/archlinux:/home/frank/.antigen/bundles/robbyrussell/oh-my-zsh/plugins/tmux:/home/frank/.antigen/bundles/robbyrussell/oh-my-zsh/plugins/colored-man-pages:/home/frank/.antigen/bundles/robbyrussell/oh-my-zsh/plugins/heroku:/home/frank/.antigen/bundles/robbyrussell/oh-my-zsh/plugins/lein:/home/frank/.antigen/bundles/robbyrussell/oh-my-zsh/plugins/command-not-found:/home/frank/.antigen/bundles/robbyrussell/oh-my-zsh/plugins/autojump:/home/frank/.antigen/bundles/robbyrussell/oh-my-zsh/plugins/pip:/home/frank/.antigen/bundles/robbyrussell/oh-my-zsh/plugins/git-extras:/home/frank/.antigen/bundles/robbyrussell/oh-my-zsh/plugins/git-flow:/home/frank/.antigen/bundles/robbyrussell/oh-my-zsh/plugins/npm:/home/frank/.antigen/bundles/robbyrussell/oh-my-zsh/plugins/ruby:/home/frank/.antigen/bundles/robbyrussell/oh-my-zsh/plugins/rvm:/home/frank/.antigen/bundles/robbyrussell/oh-my-zsh/plugins/nvm:/home/frank/.antigen/bundles/robbyrussell/oh-my-zsh/plugins/pyenv:/home/frank/.antigen/bundles/robbyrussell/oh-my-zsh/plugins/yarn:/home/frank/.antigen/bundles/Tarrasch/zsh-autoenv:/home/frank/.antigen/bundles/Tarrasch/zsh-colors:/home/frank/.antigen/bundles/jocelynmallon/zshmarks:/home/frank/.antigen/bundles/jocelynmallon/zshmarks/functions:/home/frank/.antigen/bundles/sei40kr/zsh-tmux-rename:/home/frank/.antigen/bundles/hlissner/zsh-autopair:/home/frank/.antigen/bundles/zsh-users/zsh-syntax-highlighting:/home/frank/.antigen/bundles/mafredri/zsh-async

Yarn version: 
  1.22.4

Node version: 
  12.16.2

Platform: 
  linux x64

Trace: 
  Error: canceled
      at Interface.<anonymous> (/home/frank/.nvm/versions/node/v12.16.2/lib/node_modules/yarn/lib/cli.js:137008:13)
      at Interface.emit (events.js:310:20)
      at Interface._ttyWrite (readline.js:893:16)
      at ReadStream.onkeypress (readline.js:198:10)
      at ReadStream.emit (events.js:310:20)
      at emitKeys (internal/readline/utils.js:438:14)
      at emitKeys.next (<anonymous>)
      at ReadStream.onData (readline.js:1160:36)
      at ReadStream.emit (events.js:310:20)
      at addChunk (_stream_readable.js:286:12)

npm manifest: 
  {
    "name": "server",
    "version": "0.0.1",
    "description": "Backend",
    "main": "index.js",
    "author": "Francisco Gallegos",
    "license": "MIT"
  }

yarn manifest: 
  No manifest

Lockfile: 
  # THIS IS AN AUTOGENERATED FILE. DO NOT EDIT THIS FILE DIRECTLY.
  # yarn lockfile v1
